<?xml version="1.0" encoding="UTF-8"?>
<!-- Generated by org.testng.reporters.JUnitXMLReporter -->
<testsuite ignored="0" hostname="LAPTOP-2804QP28" failures="0" tests="7" name="Orangehrm Login Page" time="105.801" errors="0" timestamp="2021-02-27T12:46:43 GMT">
  <testcase classname="com.orangehrm.tests.LoginPageTest" name="getTitle" time="0.046"/>
  <testcase classname="com.orangehrm.tests.LoginPageTest" name="loginTest1" time="2.249"/>
  <testcase classname="com.orangehrm.tests.LoginPageTest" name="loginTest2" time="0.968"/>
  <testcase classname="com.orangehrm.tests.LoginPageTest" name="loginTest3" time="1.014"/>
  <testcase classname="com.orangehrm.tests.HomePageTest" name="verfyHomePageTitle" time="0.029"/>
  <testcase classname="com.orangehrm.tests.HomePageTest" name="verfyHomePageHeader" time="0.102"/>
  <testcase classname="com.orangehrm.tests.HomePageTest" name="verfyLoggedInUserAccount" time="0.086"/>
</testsuite> <!-- Orangehrm Login Page -->
