<?xml version="1.0" encoding="UTF-8"?>
<!-- Generated by org.testng.reporters.JUnitXMLReporter -->
<testsuite ignored="0" hostname="LAPTOP-2804QP28" failures="0" tests="4" name="Orangehrm Login Page" time="68.927" errors="0" timestamp="2021-06-07T19:34:33 BST">
  <testcase classname="com.orangehrm.tests.LoginPageTest" name="getTitle" time="0.123"/>
  <testcase classname="com.orangehrm.tests.LoginPageTest" name="loginTest1" time="12.7"/>
  <testcase classname="com.orangehrm.tests.LoginPageTest" name="loginTest2" time="7.846"/>
  <testcase classname="com.orangehrm.tests.LoginPageTest" name="loginTest3" time="8.388"/>
</testsuite> <!-- Orangehrm Login Page -->
